

        **********************************************************
        ** PROGRAM FullProf.2k (Version 7.95 - Jan2023-ILL JRC) **
        **********************************************************
                       M U L T I -- P A T T E R N                 
            Rietveld, Profile Matching & Integrated Intensity     
                 Refinement of X-ray and/or Neutron Data


    Date: 15/09/2023  Time: 11:38:40.951                              

 => PCR file code: La_300K_structure
 => DAT file code: LA300K.DAT           -> Relative contribution: 1.0000                                                            

 ==> CONDITIONS OF THIS RUN FOR PATTERN No.:  1

 => Global Refinement of neutron powder data                                                                                        
 => Title:   LaMnO3  - 3T2 / 300K / I

 => Number of phases:    1
 => Number of excluded regions:    2
 => Number of scattering factors supplied:    0
 => Conventional weights: w=1.0/Variance(yobs)
 => Asymmetry correction as in J.Appl.Cryst. 26,128(1993)
 => Background refined by polynomial function
 => The    7th default profile function was selected
 => T-C-H Pseudo-Voigt function 
    This function is convoluted with asymmetry due to axial 
    divergence as formulated by: 
    van Laar and Yelon, J. Appl. Cryst. 17, 47(1984).
    and using the method of:
    Finger, Cox and Jephcoat, J. Appl. Cryst. 27, 892 (1994).
    Fortran 90 module adapted from function PROFVAL (in F77) : 
    L.W. Finger, J. Appl. Cryst. 31, 111 (1998).


 ==> INPUT/OUTPUT OPTIONS:

 => Generate line printer plot
 => Generate file *.PRF for plot
 => Output Integrated Intensities
 => Output Correlation Matrix
 => Generate new input file *.PCR

 => Data in D1A,D2B format as prepared by D1A(D2B)SUM for pattern:  1
 => Plot pattern at each cycle
 => Wavelengths:  1.22720 1.22720
 => Alpha2/Alpha1 ratio:   1.0000
 => Cos(Monochromator angle)=   0.0000
 => Asymmetry correction for angles lower than   40.000 degrees
 => Absorption correction (AC), muR-eff =   0.0000  0.0000
 => Base of peaks: 2.0*HW*    5.50

 => Number of cycles:   10
 => Relaxation factors ==>    for coordinates:  0.50
 => for anisotropic temperature factors:  0.50
 => for halfwidth/strain/size parameters:  0.50
 => for lattice constants and propagation vectors:  0.50
 => EPS-value for convergence:    0.1

 => Excluded regions for Pattern#  1
    From     to
      0.0000     11.0000
    135.0000    180.5000

 => Number of Least-Squares parameters varied:     4

 =>--------------------------->
 =>------->  PATTERN number:  1
 =>--------------------------->
 => Global parameters and codes ==>
 => Zero-point:     0.0000    0.0000
 => Background parameters and codes ==>
 => Origin of polynomial at 2theta/TOF/E(KeV):   70.000  
  23.500      10.316      18.439     -11.996     -3.8550     -16.051    
        0.00        0.00        0.00        0.00        0.00        0.00
 => Perpendicular Displacement parameter and code:     0.00    0.00
 => Parallel      Displacement parameter and code:     0.00    0.00

 => Reading Intensity data  =>>

 -> Heading of input data:

   ->   Title:  3T2(LLB):20/04/1996    15:48:36  lambda : 1.227 juan     LaMnO3                                                                    

   ->    Step:  0.050
   ->   Thmin:    0.000
   -> Monitors:   34000.  34000.
 ==> Angular range, step and number of points:
     2Thmin:       0.000000  2Thmax:     125.450005  Step:       0.050000  No. of points:   2510
 --------------------------------------------------------------------------------
 => Phase  No. 1
      LaMnO3  - 3T2 / 300K / I                                              
 --------------------------------------------------------------------------------
 =>-------> Pattern#  1
 => Crystal Structure Refinement
 => Preferred orientation vector:   0.0000  0.0000  1.0000

 =>-------> Data for PHASE: 1
 => Number of atoms:    4
 => Number of distance  constraints:    0
 => Number of angle     constraints:    0

 => Symmetry information on space group: P b n m             
 -> The multiplicity of the general position is:   8
 -> The space group is Centric (-1 at origin)   
 -> Lattice type  P: { 000 }                                       
 -> Reduced set of symmetry operators:

  No.  IT   Symmetry symbol    Rotation part     Associated Translation
   1: ( 1)   1            -->     ( x, y, z) + {  0.0000  0.0000  0.0000}
   2: ( 4)   2 ( x, 0, 0) -->     ( x,-y,-z) + {  0.5000  0.5000  0.0000}
   3: ( 3)   2 ( 0, y, 0) -->     (-x, y,-z) + {  0.5000  0.5000  0.5000}
   4: ( 2)   2 ( 0, 0, z) -->     (-x,-y, z) + {  0.0000  0.0000  0.5000}


        Information on Space Group: 
        --------------------------- 

 =>   Number of Space group:  62
 =>  Hermann-Mauguin Symbol: P b n m
 =>             Hall Symbol: -P 2c 2ab
 =>    Table Setting Choice: cab
 =>            Setting Type: IT (Generated from Hermann-Mauguin symbol)
 =>          Crystal System: Orthorhombic
 =>              Laue Class: mmm
 =>             Point Group: mmm
 =>         Bravais Lattice: P
 =>          Lattice Symbol: oP
 =>  Reduced Number of S.O.:   4
 =>    General multiplicity:   8
 =>          Centrosymmetry: Centric (-1 at origin)
 =>  Generators (exc. -1&L):   2
 =>         Asymmetric unit:  0.000 <= x <=  1.000
                              0.000 <= y <=  0.500
                              0.000 <= z <=  0.250
 => Centring vectors:  0
                                                                                                    

 => List of all Symmetry Operators and Symmetry Symbols

 => SYMM(  1): x,y,z                             Symbol: 1
 => SYMM(  2): x+1/2,-y+1/2,-z                   Symbol: 2 (1/2,0,0) x,1/4,0
 => SYMM(  3): -x+1/2,y+1/2,-z+1/2               Symbol: 2 (0,1/2,0) 1/4,y,1/4
 => SYMM(  4): -x,-y,z+1/2                       Symbol: 2 (0,0,1/2) 0,0,z
 => SYMM(  5): -x,-y,-z                          Symbol: -1 0,0,0
 => SYMM(  6): -x+1/2,y+1/2,z                    Symbol: b 1/4,y,z
 => SYMM(  7): x+1/2,-y+1/2,z+1/2                Symbol: n (1/2,0,1/2) x,1/4,z
 => SYMM(  8): x,y,-z+1/2                        Symbol: m x,y,1/4

 => Initial parameters ==>
 Atom    Ntyp                  X         Y         Z         B         occ.         in  fin  Spc  Mult
                             B11       B22       B33       B12       B13       B23
 La     LA                 0.01000   0.05000   0.25000   1.00000   0.50000           0    0    1    4
                 Codes:    0.00000   0.00000   0.00000   0.00000   0.00000
 Mn     MN                 0.50000   0.00000   0.00000   1.00000   0.50000           0    0    2    4
                 Codes:    0.00000   0.00000   0.00000   0.00000   0.00000
 O1     O                  0.00000   0.49000   0.25000   1.00000   0.50000           0    0    3    4
                 Codes:    0.00000   0.00000   0.00000   0.00000   0.00000
 O2     O                  0.72379   0.30599   0.04279   1.00000   1.00000           0    0    3    8
                 Codes:    0.00000   0.00000   0.00000   0.00000   0.00000

 => IT IS ASSUMED THAT THE FIRST GIVEN SITE IS FULLY OCCUPIED 
    OR THE FIRST AND SECOND ATOMS ARE IN THE SAME SITE WITH TOTAL FULL OCCUPATION
  (if this is not the case, change the order of atoms to obtain correct values for the content of the unit cell)
    The given occupation factors have been obtained mutiplying m/M by   1.0000
      -> Atom: LA  ,  Chemical element: LA  Atomic Mass:   138.9055
      -> Atom: MN  ,  Chemical element: MN  Atomic Mass:    54.9380
      -> Atom: O   ,  Chemical element: O   Atomic Mass:    15.9994
      -> Atom: O   ,  Chemical element: O   Atomic Mass:    15.9994
 => The given value of ATZ is        967.37 the program has calculated:         967.37
    The value of ATZ given in the input PCR file will be used for quantitative analysis
 => The chemical content of the unit cell is: 
       4.0000 LA   +   4.0000 MN   +   4.0000 O    +   8.0000 O      
 => The normalized site occupation numbers in % are: 
     100.0000 La     :      100.0000 Mn     :      100.0000 O1     :      100.0000 O2       
 => The density (volumic mass) of the compound is:    6.655 g/cm3

 =>-------> PROFILE PARAMETERS FOR PATTERN:  1

 => Overall scale factor:   0.828224E-01
 => ETA (p-Voigt) OR M (Pearson VII):   0.0000
 => Overall temperature factor:      0.00000
 => Halfwidth U,V,W:      0.17266    -0.19359     0.08861
 => X and Y parameters:       0.0000      0.0342
 => Direct cell parameters:    5.5000   5.7000   7.7000  90.0000  90.0000  90.0000
 => Preferred orientation parameters:   0.0000  0.0000
 => Asymmetry parameters     :      0.00000     0.00000     0.00000     0.00000
 => Strain parameters        :      0.00000     0.00000     0.00000
 => Size   parameters        :      0.00000     0.00000
 => Further shape parameters (S_L and D_L):   0.00000   0.00000
    S_L is source width/detector distance
    D_L is detector width/detector distance

 ==> CODEWORDS FOR PROFILE PARAMETERS of PATTERN#  1

 => Overall scale factor:   21.000
 => ETA (p-Voigt) OR M (Pearson VII):    0.000
 => Overall temperature factor:    0.000
 => Halfwidth U,V,W:    0.000   0.000   0.000
 => X and Y parameters:    0.000   0.000
 => Direct cell parameters:   11.000  31.000  41.000   0.000   0.000   0.000
 => Preferred orientation parameters:    0.000   0.000
 => Asymmetry parameters     :    0.000   0.000   0.000   0.000
 => Strain parameters        :    0.000   0.000   0.000
 => Size   parameters        :    0.000   0.000

 => Cell constraints according to Laue symmetry: mmm  

        Metric information:
        -------------------

 => Direct cell parameters:

         a =       5.5000      b =       5.7000      c =       7.7000
     alpha =       90.000   beta =       90.000  gamma =       90.000
                        Direct Cell Volume =     241.3950

 => Reciprocal cell parameters:

         a*=     0.181818      b*=     0.175439      c*=     0.129870
     alpha*=       90.000   beta*=       90.000  gamma*=       90.000
                    Reciprocal Cell Volume =   0.00414259

 => Direct and Reciprocal Metric Tensors:

                   GD                                       GR
     30.2500      0.0000      0.0000          0.033058    0.000000    0.000000
      0.0000     32.4900      0.0000          0.000000    0.030779    0.000000
      0.0000      0.0000     59.2900          0.000000    0.000000    0.016866

 =>  Cartesian frame: x // a; z is along c*; y is within the ab-plane   

     Crystal_to_Orthonormal_Matrix              Orthonormal_to_Crystal Matrix
              Cr_Orth_cel                               Orth_Cr_cel  
      5.5000      0.0000      0.0000          0.181818   -0.000000   -0.000000
      0.0000      5.7000      0.0000          0.000000    0.175439   -0.000000
      0.0000      0.0000      7.7000          0.000000    0.000000    0.129870

     Busing-Levy B-matrix: Hc=B.H            Inverse of the Busing-Levy B-matrix
                BL_M                                      BL_Minv  
    0.181818    0.000000    0.000000            5.5000     -0.0000     -0.0000
    0.000000    0.175439   -0.000000            0.0000      5.7000      0.0000
    0.000000    0.000000    0.129870            0.0000      0.0000      7.7000

 => Laue symmetry mmm   will be used to generate HKL for pattern#   1
 => Reflections generated between S(1/d)min:  0.0020 A-1 and S(1/d)max:  1.4703 A-1
 =>                                    dmax:500.0000 A   and      dmin:  0.6801 A
 => The number of reflections generated is:    425
 => The max. scatt. variable (gen.ref.) is:       128.8853
 => Scattering coefficients from internal table

 => Scattering lengths:

 LA     0.8240
 MN    -0.3730
 O      0.5803

     --------------------------------------------------------------
      SYMBOLIC NAMES AND INITIAL VALUES OF PARAMETERS TO BE VARIED:
     --------------------------------------------------------------

      ->  Parameter number    1   -> Symbolic Name:                                    Cell_A_ph1_pat1     5.5000000    
      ->  Parameter number    2   -> Symbolic Name:                                     Scale_ph1_pat1    0.82822397E-01
      ->  Parameter number    3   -> Symbolic Name:                                    Cell_B_ph1_pat1     5.6999998    
      ->  Parameter number    4   -> Symbolic Name:                                    Cell_C_ph1_pat1     7.6999989    
  
 
 => No optimization for routine tasks


   Standard deviations have to be multiplied by: 3.5110
   (correlated residuals) See references:
  -J.F.Berar & P.Lelann, J. Appl. Cryst. 24, 1-5 (1991) 
  -J.F.Berar, Acc. in Pow. Diff. II,NIST Sp.Pub. 846, 63(1992) 

 ++++++++++++++++++++++++++++++++++++++++++++++++++++++++++++++++++++++++++++++++++++++++++++++++++++++++++++++++++++++++

 => CYCLE No.:   10
 ---------------------------------------------------------------------------------------
 => Phase  1 Name: LaMnO3  - 3T2 / 300K / I                                              
 ---------------------------------------------------------------------------------------
 => New parameters, shifts, and standard deviations

 Atom        x       dx      sx       y       dy      sy       z       dz      sz       B       dB      sB      occ.    docc.   socc.

 La       0.01000 0.00000 0.00000  0.05000 0.00000 0.00000  0.25000 0.00000 0.00000  1.00000 0.00000 0.00000  0.50000 0.00000 0.00000
 Mn       0.50000 0.00000 0.00000  0.00000 0.00000 0.00000  0.00000 0.00000 0.00000  1.00000 0.00000 0.00000  0.50000 0.00000 0.00000
 O1       0.00000 0.00000 0.00000  0.49000 0.00000 0.00000  0.25000 0.00000 0.00000  1.00000 0.00000 0.00000  0.50000 0.00000 0.00000
 O2       0.72379 0.00000 0.00000  0.30599 0.00000 0.00000  0.04279 0.00000 0.00000  1.00000 0.00000 0.00000  1.00000 0.00000 0.00000

 ==> PROFILE PARAMETERS FOR PATTERN#  1

 => Overall scale factor:      0.033510156    -0.000566450     0.001235491
 => Eta(p-Voigt) or m(Pearson VII):   0.000000  0.000000  0.000000
 => Overall tem. factor:     0.000000    0.000000    0.000000
 => Halfwidth parameters: 
         0.172662    0.000000    0.000000
        -0.193591    0.000000    0.000000
         0.088611    0.000000    0.000000
 => Cell parameters: 
        5.505012    0.000740    0.000570
        5.702067    0.000352    0.000604
        7.709498    0.000841    0.001106
       90.000000    0.000000    0.000000
       90.000000    0.000000    0.000000
       90.000000    0.000000    0.000000
 => Preferred orientation: 
         0.000000    0.000000    0.000000
         0.000000    0.000000    0.000000
 => Asymmetry parameters: 
         0.000000    0.000000    0.000000
         0.000000    0.000000    0.000000
         0.000000    0.000000    0.000000
         0.000000    0.000000    0.000000
 => X and Y parameters: 
         0.000000    0.000000    0.000000
         0.034245    0.000000    0.000000
 => Strain parameters: 
         0.000000    0.000000    0.000000
         0.000000    0.000000    0.000000
         0.000000    0.000000    0.000000
 => Size   parameters (G,L): 
         0.000000    0.000000    0.000000
         0.000000    0.000000    0.000000
 => Further shape parameters (S_L and D_L): 
       0.000000  0.000000  0.000000
       0.000000  0.000000  0.000000

 ==> GLOBAL PARAMETERS FOR PATTERN#  1


 => Zero-point:     0.0000    0.0000    0.0000
 => Background Polynomial Parameters ==>
       23.500      0.0000      0.0000    
       10.316      0.0000      0.0000    
       18.439      0.0000      0.0000    
      -11.996      0.0000      0.0000    
      -3.8550      0.0000      0.0000    
      -16.051      0.0000      0.0000    

 => Cos(2theta)-shift parameter :   0.0000  0.0000  0.0000
 => Sin(2theta)-shift parameter :   0.0000  0.0000  0.0000

 ==> RELIABILITY FACTORS WITH ALL NON-EXCLUDED POINTS FOR PATTERN:  1

 => R-Factors:   41.6      54.6     Chi2:  186.     DW-Stat.:  0.1317   Patt#:  1
 => Expected :            4.00                                1.8735
 => Deviance : 0.588E+05     Dev*:   25.60    
 => GoF-index:  14.         Sqrt(Residual/N)
 => N-P+C:  2285

 =>    SumYdif       SumYobs      SumYcal      SumwYobsSQ     Residual    Condition
     0.4953E+05    0.1191E+06    0.8229E+05    0.1428E+07    0.4254E+06    0.1337E+06


 => Conventional Rietveld Rp,Rwp,Re and Chi2:   87.8      89.0      6.52      186.2    
 => (Values obtained using Ynet, but true sigma(y))
 =>  SumYnet, Sum(w Ynet**2):     0.5643E+05    0.5376E+06

 => N-sigma of the GoF:     6258.783

 ==> RELIABILITY FACTORS FOR POINTS WITH BRAGG CONTRIBUTIONS FOR PATTERN:  1

 => R-Factors:   42.7      55.0     Chi2:  195.     DW-Stat.:  0.1317   Patt#:
 => Expected :            3.94                                1.8707
 => Deviance : 0.588E+05     Dev*:   26.79    
 => GoF-index:  14.         Sqrt(Residual/N)
 => N-P+C:  2183

 =>    SumYdif       SumYobs      SumYcal      SumwYobsSQ     Residual    Condition
     0.4933E+05    0.1155E+06    0.7869E+05    0.1408E+07    0.4253E+06    0.1337E+06


 => Conventional Rietveld Rp,Rwp,Re and Chi2:   87.4      89.0      6.37      194.8    
 => (Values obtained using Ynet, but true sigma(y))
 =>  SumYnet, Sum(w Ynet**2):     0.5644E+05    0.5375E+06

 => N-sigma of the GoF:     6403.417

 => Global user-weigthed Chi2 (Bragg contrib.):   195.    

 => ---------> Pattern#  1
 => Phase:  1
 =>    Bragg R-factor:  69.4    
 =>    RF-factor     :  46.5    


 => Parameters with Correlation greater that 50% ==>

 --------------------------------------------------------------------------------------------------------------
 Pattern#  1 Phase No.:   1 Phase name: LaMnO3  - 3T2 / 300K / I      
 --------------------------------------------------------------------------------------------------------------

   No.  Code     H   K   L  Mult     Hw         2theta      Icalc       Iobs      Sigma      HwG     HwL       ETA       d-hkl        CORR

      1   1      1   0   1     4  0.273790      15.746        3.5        0.0      0.814  0.255230  0.034571  0.165101  4.479536    107.416115
      2   1      1   1   0     4  0.268606      17.827       17.8       56.7      0.873  0.249991  0.034664  0.168578  3.960070     84.231140
      3   1      0   0   2     2  0.267393      18.321       12.5       31.6      0.626  0.248764  0.034687  0.169419  3.854329     39.878387
      4   1      1   1   1     8  0.263157      20.064        4.0       13.5      0.704  0.244475  0.034777  0.172446  3.522456    133.690643
      5   1      0   2   0     2  0.251945      24.858        0.0        0.0      0.053  0.233090  0.035067  0.181186  2.850857     22.091503
      6   1      1   1   2     8  0.250114      25.671        2.1        6.3      0.517  0.231226  0.035123  0.182725  2.762048     82.990540
      7   1      2   0   0     2  0.249904      25.765        0.1        0.1      0.019  0.231012  0.035129  0.182904  2.752136     20.605537
      8   1      0   2   1     4  0.248196      26.533        0.9        1.4      0.306  0.229272  0.035184  0.184374  2.673862     38.989437
      9   1      1   2   0     4  0.244872      28.055       10.2       22.6      0.519  0.225880  0.035298  0.187327  2.531465     35.060112
     10   1      2   1   0     4  0.243558      28.667        2.4        4.3      0.276  0.224539  0.035345  0.188529  2.478511     33.635548
     11   1      1   2   1     8  0.241664      29.562        2.3       17.9      0.356  0.222602  0.035417  0.190299  2.405099     63.500122
     12   1      2   1   1     8  0.240444      30.146        0.1        3.8      0.071  0.221353  0.035465  0.191463  2.359549     61.170639
     13   1      1   0   3     4  0.239588      30.560       11.1       59.6      0.477  0.220476  0.035500  0.192291  2.328340     29.791674
     14   1      0   2   2     4  0.238570      31.056       78.7      207.6      0.932  0.219433  0.035542  0.193288  2.292021     28.930162
     15   1      2   0   2     4  0.237064      31.800       97.8      229.8      1.041  0.217890  0.035607  0.194790  2.239768     27.660622
     16   1      1   1   3     8  0.234533      33.077        4.3       12.8      0.301  0.215290  0.035723  0.197389  2.155542     51.399715
     17   1      1   2   2     8  0.233296      33.715        8.6       30.7      0.424  0.214018  0.035783  0.198695  2.115906     49.641415
     18   1      2   1   2     8  0.232301      34.235        1.7        3.4      0.239  0.212993  0.035832  0.199763  2.084691     48.236557
     19   1      2   2   0     4  0.228834      36.106       29.6       59.8      0.622  0.209416  0.036018  0.203623  1.980035     21.881598
     20   1      0   0   4     2  0.227006      37.132       12.0       42.9      0.398  0.207526  0.036125  0.205749  1.927164     10.383808
     21   1      2   2   1     8  0.226677      37.320        6.8       20.7      0.214  0.207185  0.036145  0.206139  1.917781     41.196606
     22   1      0   2   3     4  0.226356      37.505        8.6       13.0      0.281  0.206852  0.036165  0.206522  1.908674     20.407656
     23   1      1   2   3     8  0.222551      39.785        5.8       16.1      0.372  0.202898  0.036418  0.211244  1.803331     36.689713
     24   1      1   3   0     4  0.222299      39.943        0.1        1.1      0.020  0.202635  0.036436  0.211570  1.796493     18.228922
     25   1      3   0   1     4  0.221870      40.214        1.5       10.2      0.172  0.202188  0.036468  0.212129  1.784897     17.994972
     26   1      2   1   3     8  0.221833      40.238        0.6        3.8      0.067  0.202149  0.036470  0.212178  1.783889     35.945210
     27   1      2   2   2     8  0.220991      40.778       12.6       51.0      0.425  0.201270  0.036534  0.213290  1.761228     35.113953
     28   1      1   3   1     8  0.220558      41.061       10.0       11.1      0.187  0.200817  0.036568  0.213871  1.749609     34.701981
     29   1      3   1   0     4  0.220444      41.136        1.1        0.9      0.027  0.200698  0.036577  0.214025  1.746557     17.283817
     30   1      1   1   4     8  0.219932      41.476        5.6       20.0      0.306  0.200162  0.036617  0.214722  1.732863     34.048023
     31   1      3   1   1     8  0.218827      42.228        2.6        1.9      0.298  0.199002  0.036709  0.216255  1.703383     32.998283
     32   1      1   3   2     8  0.216013      44.275        1.3        0.0      0.298  0.196036  0.036970  0.220374  1.628306     30.382874
     33   1      0   2   4     4  0.214839      45.203        1.3        8.5      0.252  0.194789  0.037094  0.222204  1.596591     14.644132
     34   1      3   1   2     8  0.214628      45.375        0.0        0.0      0.003  0.194565  0.037117  0.222540  1.590847     29.099777
     35   1      2   0   4     4  0.214181      45.747        1.6        0.7      0.172  0.194088  0.037168  0.223263  1.578614     14.341025
     36   1      2   2   3     8  0.213810      46.062        0.1        0.0      0.071  0.193692  0.037211  0.223872  1.568403     28.358011
     37   1      2   3   0     4  0.213648      46.202        0.1        0.2      0.059  0.193519  0.037230  0.224142  1.563898     14.112929
     38   1      3   2   0     4  0.212896      46.870        1.9       13.1      0.246  0.192712  0.037324  0.225417  1.542850     13.765538
     39   1      1   2   4     8  0.212563      47.176        1.7        4.0      0.148  0.192354  0.037367  0.225996  1.533386     27.215166
     40   1      2   3   1     8  0.212538      47.200        0.3        0.5      0.024  0.192327  0.037371  0.226040  1.532675     27.210938
     41   1      2   1   4     8  0.212145      47.572        0.5        2.6      0.150  0.191903  0.037424  0.226737  1.521380     26.826445
     42   1      3   2   1     8  0.211852      47.857        0.1        0.0      0.070  0.191586  0.037465  0.227266  1.512847     26.570148
     43   1      3   0   3     4  0.211190      48.527        1.9        0.1      0.139  0.190868  0.037563  0.228497  1.493179     12.970312
     44   1      1   0   5     4  0.210908      48.826        6.1       17.1      0.260  0.190560  0.037607  0.229038  1.484594     12.832060
     45   1      1   3   3     8  0.210513      49.260        5.3        6.2      0.216  0.190127  0.037672  0.229814  1.472335     25.308046
     46   1      2   3   2     8  0.209794      50.101        0.6        0.0      0.126  0.189334  0.037801  0.231290  1.449151     24.603430
     47   1      3   1   3     8  0.209654      50.275        0.1        0.5      0.039  0.189178  0.037828  0.231589  1.444467     24.448685
     48   1      1   1   5     8  0.209426      50.566        0.1        1.3      0.039  0.188923  0.037873  0.232087  1.436692     24.206926
     49   1      3   2   2     8  0.209300      50.730        4.3        5.6      0.187  0.188784  0.037899  0.232365  1.432357     24.092089
     50   1      0   4   0     2  0.209104      50.994        1.0        0.5      0.114  0.188563  0.037940  0.232809  1.425429      5.975721
     51   1      0   4   1     4  0.208469      51.923        4.2        8.9      0.218  0.187843  0.038089  0.234330  1.401667     11.600978
     52   1      2   2   4     8  0.207971      52.758       14.6       44.6      0.329  0.187266  0.038225  0.235647  1.381024     22.584087
     53   1      1   4   0     4  0.207946      52.804        5.4        9.9      0.080  0.187236  0.038233  0.235718  1.379908     11.286188
     54   1      4   0   0     2  0.207860      52.963        8.4        4.9      0.139  0.187136  0.038259  0.235961  1.376068      5.611220
     55   1      1   4   1     8  0.207492      53.710        0.0        0.0      0.004  0.186695  0.038385  0.237080  1.358317     21.957541
     56   1      0   2   5     4  0.207450      53.804        0.5        1.8      0.122  0.186644  0.038401  0.237218  1.356126     10.936828
     57   1      4   1   0     4  0.207128      54.608        1.6       10.9      0.098  0.186244  0.038539  0.238363  1.337662     10.682878
     58   1      0   4   2     4  0.207117      54.640        4.5       28.0      0.235  0.186229  0.038544  0.238408  1.336931     10.679239
     59   1      2   3   3     8  0.207101      54.685        0.3        1.8      0.017  0.186209  0.038552  0.238470  1.335920     21.321812
     60   1      3   2   3     8  0.206915      55.277        3.9       34.8      0.250  0.185964  0.038656  0.239272  1.322729     20.954418

   No.  Code     H   K   L  Mult     Hw         2theta      Icalc       Iobs      Sigma      HwG     HwL       ETA       d-hkl        CORR

     61   1      3   3   0     4  0.206881      55.400        2.4       11.0      0.077  0.185918  0.038678  0.239435  1.320023     10.444221
     62   1      4   1   1     8  0.206857      55.494        0.6        2.7      0.019  0.185884  0.038694  0.239558  1.317966     20.824694
     63   1      1   2   5     8  0.206843      55.549        6.6       34.8      0.242  0.185864  0.038704  0.239631  1.316751     20.785625
     64   1      1   3   4     8  0.206813      55.672        0.4        4.0      0.042  0.185822  0.038726  0.239790  1.314081     20.720917
     65   1      2   1   5     8  0.206762      55.901        0.0        0.5      0.005  0.185748  0.038767  0.240083  1.309125     20.576429
     66   1      3   3   1     8  0.206691      56.277        3.8       10.6      0.116  0.185638  0.038835  0.240553  1.301085     20.375435
     67   1      1   4   2     8  0.206676      56.368        8.3       19.6      0.170  0.185614  0.038851  0.240665  1.299158     20.328720
     68   1      4   0   2     4  0.206654      56.520        3.7        9.5      0.108  0.185576  0.038879  0.240850  1.295952     10.114628
     69   1      3   1   4     8  0.206642      56.606        1.8        3.4      0.069  0.185556  0.038895  0.240953  1.294155     20.178101
     70   1      0   0   6     2  0.206597      57.057        6.5       16.7      0.257  0.185464  0.038978  0.241483  1.284776      4.980473
     71   1      2   4   0     4  0.206580      57.996        0.3        1.2      0.038  0.185348  0.039153  0.242521  1.265732      9.723443
     72   1      4   1   2     8  0.206584      58.097        3.0        6.4      0.181  0.185341  0.039173  0.242627  1.263720     19.381863
     73   1      2   4   1     8  0.206658      58.848        0.9        1.0      0.031  0.185334  0.039317  0.243380  1.249007     19.014744
     74   1      3   3   2     8  0.206660      58.858        5.6        6.4      0.199  0.185335  0.039318  0.243389  1.248816     19.003859
     75   1      0   4   3     4  0.206678      58.979        0.1        0.2      0.013  0.185340  0.039342  0.243505  1.246481      9.473894
     76   1      4   2   0     4  0.206748      59.357        0.1        0.0      0.060  0.185369  0.039416  0.243854  1.239256      9.378948
     77   1      4   2   1     8  0.206970      60.198        0.4        1.9      0.090  0.185498  0.039582  0.244572  1.223546     18.362364
     78   1      1   1   6     8  0.206996      60.278        0.2        1.3      0.037  0.185515  0.039598  0.244636  1.222070     18.314228
     79   1      2   2   5     8  0.207103      60.585        8.3       40.1      0.331  0.185587  0.039660  0.244875  1.216462     18.179848
     80   1      1   4   3     8  0.207119      60.627        0.2        0.8      0.007  0.185598  0.039669  0.244907  1.215699     18.172928
     81   1      2   3   4     8  0.207147      60.701        0.0        0.0      0.000  0.185618  0.039684  0.244962  1.214356     18.133312
     82   1      3   2   4     8  0.207381      61.255        0.3        1.4      0.020  0.185789  0.039797  0.245357  1.204422     17.885668
     83   1      2   4   2     8  0.207430      61.361       12.0       22.1      0.243  0.185826  0.039819  0.245427  1.202550     17.850313
     84   1      4   1   3     8  0.207923      62.282        0.0        0.1      0.001  0.186213  0.040011  0.245988  1.186514     17.451147
     85   1      3   0   5     4  0.208149      62.644        4.2       13.1      0.071  0.186396  0.040087  0.246179  1.180342      8.649527
     86   1      4   2   2     8  0.208170      62.678       30.8       76.1      0.406  0.186414  0.040095  0.246196  1.179774     17.292624
     87   1      3   3   3     8  0.208397      63.012        5.8       11.8      0.122  0.186601  0.040166  0.246356  1.174152     17.160500
     88   1      0   2   6     4  0.208517      63.182        7.8       23.0      0.175  0.186701  0.040203  0.246432  1.171324      8.542352
     89   1      1   3   5     8  0.208577      63.264        4.7       12.9      0.118  0.186751  0.040220  0.246467  1.169964     17.057791
     90   1      2   0   6     4  0.208844      63.615        9.2       27.3      0.278  0.186977  0.040297  0.246609  1.164170      8.457072
     91   1      3   1   5     8  0.209266      64.129        3.8       11.3      0.205  0.187336  0.040409  0.246788  1.155835     16.722492
     92   1      0   4   4     4  0.209823      64.745        0.8        9.5      0.160  0.187818  0.040547  0.246957  1.146011      8.252448
     93   1      1   2   6     8  0.209843      64.767        0.0        0.3      0.005  0.187836  0.040551  0.246962  1.145671     16.486961
     94   1      2   1   6     8  0.210156      65.088        0.0        1.1      0.012  0.188109  0.040624  0.247030  1.140637     16.370193
     95   1      2   4   3     8  0.210497      65.422       11.7       26.9      0.291  0.188409  0.040700  0.247086  1.135451     16.264708
     96   1      3   4   0     4  0.211200      66.064        3.8       15.4      0.204  0.189032  0.040847  0.247153  1.125642      8.022300
     97   1      1   4   4     8  0.211485      66.310        1.3        7.1      0.083  0.189285  0.040904  0.247164  1.121951     15.958817
     98   1      4   0   4     4  0.211650      66.448        5.9       16.2      0.183  0.189432  0.040937  0.247167  1.119884      7.952648
     99   1      1   5   0     4  0.211916      66.667        0.0        0.0      0.000  0.189670  0.040988  0.247166  1.116631      7.923571
    100   1      4   2   3     8  0.211950      66.695        3.8       10.8      0.148  0.189701  0.040995  0.247165  1.116221     15.826888
    101   1      4   3   0     4  0.212087      66.805        0.7        6.4      0.085  0.189824  0.041021  0.247162  1.114593      7.897326
    102   1      3   4   1     8  0.212152      66.856        0.0        0.7      0.009  0.189883  0.041033  0.247160  1.113830     15.780682
    103   1      1   5   1     8  0.212935      67.455        5.6        8.6      0.199  0.190588  0.041175  0.247111  1.105097     15.592049
    104   1      4   3   1     8  0.213122      67.592        0.0        0.0      0.001  0.190757  0.041208  0.247093  1.103122     15.541886
    105   1      4   1   4     8  0.213535      67.888        0.3        0.9      0.046  0.191132  0.041280  0.247046  1.098888     15.443680
    106   1      2   3   5     8  0.213631      67.956        0.8        3.3      0.106  0.191219  0.041296  0.247033  1.097922     15.424550
    107   1      3   2   5     8  0.214399      68.478        2.1       24.5      0.205  0.191918  0.041424  0.246918  1.090564     15.263591
    108   1      5   0   1     4  0.214482      68.533        0.0        0.1      0.001  0.191994  0.041437  0.246904  1.089798      7.624706
    109   1      3   3   4     8  0.214564      68.587        1.4       29.5      0.216  0.192069  0.041451  0.246889  1.089046     15.234491
    110   1      5   1   0     4  0.215493      69.177        1.8        6.3      0.064  0.192919  0.041597  0.246707  1.080892      7.529912
    111   1      3   4   2     8  0.215539      69.205        2.7        9.3      0.081  0.192961  0.041604  0.246698  1.080506     15.056879
    112   1      1   0   7     4  0.215619      69.254        3.4       11.8      0.087  0.193035  0.041617  0.246680  1.079837      7.514704
    113   1      2   2   6     8  0.215869      69.406       13.9       43.1      0.304  0.193264  0.041655  0.246625  1.077771     14.989295
    114   1      1   5   2     8  0.216524      69.794        6.0        1.4      0.153  0.193866  0.041753  0.246469  1.072529     14.891781
    115   1      4   3   2     8  0.216757      69.929        0.1        0.0      0.008  0.194081  0.041787  0.246410  1.070723     14.847843
    116   1      5   1   1     8  0.216797      69.952        0.0        0.0      0.003  0.194118  0.041793  0.246400  1.070421     14.838965
    117   1      1   1   7     8  0.218084      70.667        1.1        1.8      0.137  0.195307  0.041977  0.246049  1.060977     14.635729
    118   1      2   4   4     8  0.218520      70.899        0.6        1.6      0.119  0.195710  0.042038  0.245921  1.057953     14.583542
    119   1      2   5   0     4  0.219186      71.245        0.0        0.1      0.003  0.196328  0.042129  0.245718  1.053489      7.248687
    120   1      0   4   5     4  0.220261      71.784        7.4       25.3      0.303  0.197326  0.042271  0.245372  1.046634      7.175666

   No.  Code     H   K   L  Mult     Hw         2theta      Icalc       Iobs      Sigma      HwG     HwL       ETA       d-hkl        CORR

    121   1      1   3   6     8  0.220521      71.911        1.0        1.9      0.041  0.197569  0.042305  0.245285  1.045034     14.315161
    122   1      2   5   1     8  0.220727      72.010        0.0        0.1      0.002  0.197760  0.042332  0.245216  1.043787     14.300089
    123   1      4   2   4     8  0.220967      72.126        1.3        0.9      0.071  0.197984  0.042363  0.245134  1.042346     14.262049
    124   1      5   1   2     8  0.221238      72.254        1.0        0.8      0.095  0.198236  0.042398  0.245041  1.040742     14.230476
    125   1      3   1   6     8  0.222252      72.725        0.2        1.9      0.096  0.199183  0.042525  0.244683  1.034928     14.110326
    126   1      3   4   3     8  0.222957      73.043        0.0        1.0      0.023  0.199842  0.042613  0.244427  1.031050     14.041759
    127   1      1   4   5     8  0.223489      73.277        0.1        1.0      0.017  0.200339  0.042677  0.244230  1.028211     13.983773
    128   1      5   2   0     4  0.223729      73.382        1.0        3.6      0.052  0.200564  0.042706  0.244140  1.026949      6.979186
    129   1      0   2   7     4  0.223670      73.356        2.9       11.8      0.172  0.200508  0.042699  0.244162  1.027259      6.979185
    130   1      1   5   3     8  0.224279      73.619        4.3        6.3      0.140  0.201079  0.042772  0.243932  1.024111     13.908154
    131   1      4   3   3     8  0.224590      73.751        1.5        0.8      0.076  0.201370  0.042809  0.243813  1.022539     13.872556
    132   1      5   2   1     8  0.225518      74.138        0.6        1.8      0.115  0.202241  0.042918  0.243452  1.017956     13.783051
    133   1      2   5   2     8  0.225881      74.287        0.1        0.8      0.041  0.202581  0.042960  0.243310  1.016214     13.755274
    134   1      5   0   3     4  0.226802      74.657        1.5        2.7      0.117  0.203446  0.043066  0.242943  1.011899      6.832221
    135   1      4   1   5     8  0.227136      74.789        0.8        1.3      0.036  0.203761  0.043104  0.242809  1.010372     13.633697
    136   1      1   2   7     8  0.227257      74.837        2.7        5.0      0.144  0.203874  0.043118  0.242760  1.009824     13.621354
    137   1      2   1   7     8  0.228032      75.138        0.2        2.1      0.081  0.204603  0.043205  0.242445  1.006372     13.554949
    138   1      3   3   5     8  0.228879      75.460        1.1        6.4      0.189  0.205401  0.043299  0.242097  1.002706     13.490653
    139   1      5   1   3     8  0.230415      76.029        3.1        6.7      0.216  0.206848  0.043466  0.241456  0.996331     13.370836
    140   1      2   3   6     8  0.231317      76.354        0.0        0.0      0.005  0.207700  0.043563  0.241076  0.992735     13.303381
    141   1      5   2   2     8  0.231421      76.390        0.4        0.2      0.071  0.207797  0.043574  0.241032  0.992330     13.297953
    142   1      4   4   0     4  0.232017      76.601        0.7        9.4      0.197  0.208361  0.043637  0.240778  0.990018      6.629423
    143   1      3   2   6     8  0.232737      76.852        0.0        0.6      0.021  0.209040  0.043713  0.240471  0.987286     13.201838
    144   1      4   4   1     8  0.234188      77.346        3.0        1.3      0.191  0.210413  0.043863  0.239846  0.981952     13.111276
    145   1      2   4   5     8  0.235225      77.691        0.7        0.0      0.121  0.211394  0.043969  0.239397  0.978279     13.042506
    146   1      2   5   3     8  0.236252      78.026        0.3        0.0      0.077  0.212367  0.044073  0.238949  0.974747     12.982869
    147   1      3   4   4     8  0.237076      78.290        1.6        0.0      0.134  0.213147  0.044156  0.238590  0.971985     12.930770
    148   1      3   5   0     4  0.238136      78.624        1.0        5.4      0.172  0.214152  0.044261  0.238125  0.968520      6.436500
    149   1      1   5   4     8  0.238873      78.853        0.0        0.1      0.007  0.214851  0.044334  0.237802  0.966165     12.830016
    150   1      4   2   5     8  0.238957      78.879        0.1        0.5      0.028  0.214930  0.044342  0.237765  0.965899     12.819656
    151   1      4   3   4     8  0.239292      78.982        0.4        0.8      0.076  0.215249  0.044375  0.237617  0.964844     12.803153
    152   1      0   0   8     2  0.239698      79.106        0.2        0.2      0.021  0.215633  0.044414  0.237439  0.963582      3.193663
    153   1      2   2   7     8  0.240080      79.222        0.3        0.2      0.023  0.215996  0.044451  0.237271  0.962403     12.756394
    154   1      3   5   1     8  0.240551      79.364        3.6        1.6      0.125  0.216444  0.044497  0.237063  0.960965     12.740471
    155   1      4   4   2     8  0.241241      79.570        4.3        6.1      0.177  0.217098  0.044564  0.236759  0.958891     12.702219
    156   1      0   4   6     4  0.242795      80.026        2.8        4.6      0.164  0.218575  0.044712  0.236073  0.954337      6.310535
    157   1      5   2   3     8  0.243049      80.099        0.2        0.3      0.014  0.218816  0.044736  0.235961  0.953610     12.608382
    158   1      5   3   0     4  0.243405      80.202        0.4        1.6      0.063  0.219155  0.044770  0.235804  0.952595      6.296459
    159   1      0   6   0     2  0.244226      80.436        0.2        2.4      0.090  0.219936  0.044847  0.235442  0.950286      3.139853
    160   1      5   3   1     8  0.246015      80.938        2.8       32.4      0.315  0.221636  0.045014  0.234653  0.945403     12.471258
    161   1      3   0   7     4  0.246460      81.061        1.3        5.8      0.075  0.222060  0.045056  0.234457  0.944216      6.222791
    162   1      0   6   1     4  0.246865      81.172        0.2        0.5      0.010  0.222446  0.045093  0.234278  0.943146      6.219526
    163   1      5   1   4     8  0.247022      81.215        1.7        4.2      0.109  0.222595  0.045107  0.234209  0.942734     12.423802
    164   1      1   4   6     8  0.247957      81.469        0.0        0.0      0.000  0.223485  0.045193  0.233798  0.940308     12.384962
    165   1      3   5   2     8  0.248343      81.573        0.8        1.3      0.025  0.223853  0.045229  0.233628  0.939318     12.372961
    166   1      4   0   6     4  0.248433      81.597        5.9        8.9      0.169  0.223938  0.045237  0.233588  0.939091      6.180822
    167   1      1   3   7     8  0.248516      81.619        1.7        2.4      0.047  0.224018  0.045245  0.233552  0.938878     12.358907
    168   1      1   6   0     4  0.249488      81.878        2.0        3.3      0.113  0.224943  0.045333  0.233125  0.936432      6.163953
    169   1      1   1   8     8  0.249556      81.896        1.1        2.0      0.071  0.225008  0.045339  0.233095  0.936264     12.313223
    170   1      3   1   7     8  0.251495      82.402        0.2        4.9      0.120  0.226856  0.045514  0.232246  0.931529     12.237404
    171   1      1   6   1     8  0.252307      82.610        0.1        5.5      0.132  0.227630  0.045587  0.231892  0.929599     12.216541
    172   1      4   1   6     8  0.253591      82.936        0.0        0.0      0.010  0.228854  0.045701  0.231333  0.926607     12.159331
    173   1      5   3   2     8  0.254394      83.137        0.1        0.0      0.094  0.229620  0.045772  0.230984  0.924769     12.133912
    174   1      2   5   4     8  0.254563      83.179        0.0        0.0      0.018  0.229781  0.045787  0.230911  0.924388     12.129899
    175   1      4   4   3     8  0.254814      83.242        0.0        0.0      0.005  0.230021  0.045809  0.230802  0.923820     12.119752
    176   1      0   6   2     4  0.255333      83.370        0.0        0.1      0.030  0.230516  0.045855  0.230577  0.922657      6.052661
    177   1      3   3   6     8  0.256225      83.589        0.7        0.6      0.175  0.231367  0.045933  0.230192  0.920683     12.067005
    178   1      6   0   0     2  0.257749      83.959        0.1        3.0      0.098  0.232822  0.046066  0.229535  0.917379      3.004076
    179   1      0   2   8     4  0.259907      84.471        3.2       18.4      0.281  0.234882  0.046253  0.228612  0.912849      5.971295
    180   1      1   6   2     8  0.261323      84.802        2.2        8.7      0.103  0.236235  0.046375  0.228010  0.909961     11.907899

   No.  Code     H   K   L  Mult     Hw         2theta      Icalc       Iobs      Sigma      HwG     HwL       ETA       d-hkl        CORR

    181   1      3   4   5     8  0.261744      84.899        0.2        0.7      0.008  0.236637  0.046411  0.227831  0.909117     11.890284
    182   1      2   0   8     4  0.261577      84.861        4.5       18.4      0.209  0.236478  0.046396  0.227902  0.909451      5.945041
    183   1      3   5   3     8  0.263178      85.228        3.9       17.5      0.188  0.238008  0.046533  0.227225  0.906279     11.849909
    184   1      5   2   4     8  0.263167      85.225        0.5        2.4      0.026  0.237997  0.046532  0.227230  0.906302     11.846344
    185   1      6   1   0     4  0.263460      85.292        1.7        6.8      0.073  0.238277  0.046557  0.227107  0.905730      5.919153
    186   1      1   5   5     8  0.264173      85.453        3.6       11.7      0.159  0.238958  0.046617  0.226807  0.904349     11.819878
    187   1      4   3   5     8  0.264738      85.580        0.8        2.0      0.035  0.239498  0.046665  0.226570  0.903266     11.801113
    188   1      2   4   6     8  0.265582      85.768        4.7       11.7      0.199  0.240305  0.046736  0.226217  0.901665     11.777739
    189   1      1   2   8     8  0.266178      85.900        0.5        2.2      0.038  0.240875  0.046786  0.225969  0.900549     11.757553
    190   1      2   3   7     8  0.266255      85.917        0.2        1.1      0.018  0.240949  0.046793  0.225937  0.900404     11.757159
    191   1      6   1   1     8  0.266719      86.020        0.1        1.2      0.019  0.241392  0.046832  0.225744  0.899542     11.746214
    192   1      2   6   0     4  0.267422      86.174        0.7       10.3      0.122  0.242065  0.046891  0.225452  0.898246      5.866342
    193   1      2   1   8     8  0.267503      86.192        0.1        1.3      0.015  0.242142  0.046897  0.225418  0.898098     11.721097
    194   1      3   2   7     8  0.268475      86.403        2.5       23.8      0.250  0.243071  0.046979  0.225017  0.896333     11.696740
    195   1      5   0   5     4  0.268711      86.454        0.4        3.4      0.039  0.243297  0.046998  0.224919  0.895907      5.845706
    196   1      5   3   3     8  0.270238      86.782        0.6        1.1      0.021  0.244758  0.047125  0.224292  0.893191     11.654458
    197   1      2   6   1     8  0.270799      86.901        2.2        1.7      0.033  0.245295  0.047172  0.224063  0.892210     11.644846
    198   1      6   0   2     4  0.270662      86.872        8.5        7.9      0.143  0.245164  0.047160  0.224119  0.892448      5.821360
    199   1      4   2   6     8  0.270951      86.934        8.0        5.4      0.120  0.245440  0.047184  0.224001  0.891945     11.634188
    200   1      0   6   3     4  0.271329      87.014        2.7        1.6      0.068  0.245802  0.047216  0.223846  0.891287      5.815563
    201   1      5   1   5     8  0.275026      87.783        0.8        7.1      0.201  0.249341  0.047519  0.222352  0.885048     11.536840
    202   1      6   1   2     8  0.277081      88.201        1.5        4.7      0.165  0.251308  0.047687  0.221533  0.881713     11.491735
    203   1      4   4   4     8  0.277770      88.340        0.8        2.8      0.089  0.251968  0.047743  0.221259  0.880614     11.478015
    204   1      1   6   3     8  0.278268      88.439        0.5        1.9      0.080  0.252445  0.047783  0.221063  0.879827     11.470337
    205   1      4   5   0     4  0.279413      88.667        0.2        1.4      0.067  0.253542  0.047876  0.220612  0.878035      5.722417
    206   1      2   6   2     8  0.281521      89.081        4.1        6.5      0.215  0.255561  0.048046  0.219788  0.874804     11.402399
    207   1      6   2   0     4  0.282537      89.278        2.7        5.0      0.155  0.256534  0.048128  0.219394  0.873279      5.689009
    208   1      4   5   1     8  0.283131      89.393        0.1        0.2      0.009  0.257104  0.048175  0.219164  0.872394     11.368913
    209   1      5   4   0     4  0.283893      89.539        0.4        0.3      0.054  0.257833  0.048236  0.218871  0.871271      5.676465
    210   1      0   4   7     4  0.283764      89.515        0.3        0.3      0.036  0.257710  0.048226  0.218921  0.871460      5.676465
    211   1      2   5   5     8  0.284890      89.730        0.4        0.0      0.071  0.258789  0.048316  0.218489  0.869815     11.333632
    212   1      6   2   1     8  0.286341      90.004        0.7        0.0      0.109  0.260180  0.048432  0.217936  0.867728     11.304959
    213   1      2   2   8     8  0.287256      90.176        0.5        0.0      0.073  0.261057  0.048504  0.217589  0.866431     11.285073
    214   1      5   4   1     8  0.287734      90.265        0.0        0.0      0.001  0.261515  0.048542  0.217409  0.865759     11.280957
    215   1      3   5   4     8  0.288003      90.316        0.6        0.0      0.140  0.261773  0.048564  0.217307  0.865382     11.276470
    216   1      1   4   7     8  0.291390      90.939        0.1        1.2      0.145  0.265020  0.048831  0.216043  0.860739     11.214832
    217   1      4   5   2     8  0.294908      91.571        0.0        0.6      0.017  0.268394  0.049108  0.214751  0.856102     11.160364
    218   1      5   2   5     8  0.296002      91.765        1.9        6.8      0.208  0.269443  0.049193  0.214354  0.854696     11.139907
    219   1      6   1   3     8  0.296378      91.832        0.8        1.9      0.069  0.269804  0.049223  0.214218  0.854217     11.134460
    220   1      5   3   4     8  0.296577      91.867        0.0        0.0      0.002  0.269994  0.049238  0.214147  0.853965     11.131984
    221   1      0   6   4     4  0.297897      92.098        0.1        0.1      0.004  0.271261  0.049341  0.213672  0.852301      5.557424
    222   1      6   2   2     8  0.298385      92.183        3.9       11.2      0.230  0.271729  0.049379  0.213498  0.851692     11.104592
    223   1      4   1   7     8  0.299598      92.393        0.0        0.0      0.000  0.272892  0.049474  0.213066  0.850193     11.084499
    224   1      5   4   2     8  0.299894      92.444        2.4       10.7      0.201  0.273176  0.049497  0.212960  0.849829     11.083702
    225   1      1   3   8     8  0.300452      92.540        0.4        2.0      0.047  0.273712  0.049540  0.212763  0.849147     11.072370
    226   1      2   6   3     8  0.301457      92.712        0.0        0.3      0.007  0.274676  0.049618  0.212409  0.847930     11.063214
    227   1      3   4   6     8  0.302521      92.894        0.1        0.7      0.014  0.275697  0.049700  0.212035  0.846654     11.045123
    228   1      1   0   9     4  0.302792      92.940        0.7        4.4      0.080  0.275957  0.049721  0.211940  0.846332      5.518950
    229   1      3   3   7     8  0.303401      93.043        3.0       15.4      0.243  0.276542  0.049769  0.211728  0.845610     11.031791
    230   1      3   6   0     4  0.304927      93.299        0.8        3.1      0.053  0.278006  0.049886  0.211199  0.843822      5.507983
    231   1      3   1   8     8  0.305033      93.317        1.3        5.1      0.088  0.278108  0.049895  0.211162  0.843698     11.008488
    232   1      1   5   6     8  0.305810      93.446        2.4        6.8      0.163  0.278853  0.049954  0.210894  0.842800     11.001786
    233   1      1   6   4     8  0.306276      93.524        0.8        1.5      0.069  0.279301  0.049990  0.210734  0.842263     10.997588
    234   1      4   3   6     8  0.306574      93.573        0.1        0.1      0.012  0.279586  0.050013  0.210632  0.841922     10.990289
    235   1      3   6   1     8  0.309331      94.027        0.0        0.5      0.026  0.282232  0.050225  0.209694  0.838811     10.959509
    236   1      1   1   9     8  0.310825      94.269        0.1        7.7      0.122  0.283666  0.050340  0.209192  0.837160     10.935054
    237   1      4   4   5     8  0.314639      94.880        6.3       36.2      0.407  0.287328  0.050631  0.207926  0.833051     10.894337
    238   1      4   5   3     8  0.316724      95.209        0.7        2.0      0.028  0.289330  0.050790  0.207245  0.830866     10.872723
    239   1      2   4   7     8  0.316783      95.218        7.7       21.8      0.306  0.289387  0.050795  0.207225  0.830804     10.869893
    240   1      6   0   4     4  0.319207      95.595        0.6        1.3      0.113  0.291714  0.050979  0.206443  0.828318      5.422016

   No.  Code     H   K   L  Mult     Hw         2theta      Icalc       Iobs      Sigma      HwG     HwL       ETA       d-hkl        CORR

    241   1      5   1   6     8  0.320403      95.780        0.1        0.1      0.028  0.292863  0.051070  0.206060  0.827111     10.831197
    242   1      6   2   3     8  0.320682      95.823        0.0        0.0      0.005  0.293130  0.051091  0.205972  0.826833     10.829536
    243   1      6   3   0     4  0.321345      95.925        0.1        0.2      0.020  0.293767  0.051141  0.205761  0.826170      5.411794
    244   1      5   4   3     8  0.322398      96.085        0.1        0.3      0.013  0.294779  0.051221  0.205428  0.825128     10.813446
    245   1      3   6   2     8  0.323243      96.214        2.2        8.8      0.224  0.295590  0.051285  0.205162  0.824299     10.807006
    246   1      4   2   7     8  0.324391      96.387        2.5        5.6      0.187  0.296692  0.051371  0.204802  0.823181     10.792006
    247   1      6   3   1     8  0.326176      96.655        0.4        0.1      0.038  0.298407  0.051506  0.204247  0.821466     10.777287
    248   1      3   5   5     8  0.327597      96.866        2.1        1.0      0.168  0.299771  0.051613  0.203809  0.820120     10.764900
    249   1      2   3   8     8  0.327337      96.828        0.1        0.0      0.007  0.299521  0.051594  0.203889  0.820366     10.764805
    250   1      0   2   9     4  0.327411      96.839        0.0        0.0      0.001  0.299593  0.051599  0.203866  0.820295      5.381616
    251   1      6   1   4     8  0.328030      96.931        0.7        0.5      0.072  0.300187  0.051646  0.203676  0.819713     10.759477
    252   1      3   2   8     8  0.330650      97.316        0.6        0.0      0.165  0.302704  0.051843  0.202879  0.817282     10.735559
    253   1      2   5   6     8  0.333569      97.740        0.0        0.1      0.015  0.305508  0.052062  0.202003  0.814638     10.713788
    254   1      2   6   4     8  0.334112      97.818        0.3        2.9      0.178  0.306029  0.052103  0.201842  0.814153     10.710776
    255   1      1   2   9     8  0.337317      98.275        1.0        3.0      0.126  0.309108  0.052343  0.200898  0.811335     10.681925
    256   1      5   3   5     8  0.338418      98.431        3.5        8.2      0.263  0.310166  0.052425  0.200577  0.810384     10.675570
    257   1      2   1   9     8  0.339401      98.569        0.0        0.0      0.000  0.311111  0.052499  0.200293  0.809541     10.666377
    258   1      0   6   5     4  0.340083      98.665        0.2        0.8      0.030  0.311766  0.052550  0.200096  0.808961      5.332614
    259   1      6   3   2     8  0.341433      98.853        1.1        5.4      0.218  0.313063  0.052651  0.199709  0.807821     10.654449
    260   1      1   7   0     4  0.343917      99.197        0.7        0.2      0.201  0.315450  0.052836  0.199003  0.805756      5.320026
    261   1      5   2   6     8  0.348339      99.799        0.1        0.0      0.014  0.319699  0.053165  0.197769  0.802178     10.608053
    262   1      3   6   3     8  0.348941      99.881        0.5        0.0      0.052  0.320278  0.053210  0.197603  0.801700     10.606853
    263   1      1   7   1     8  0.349333      99.933        2.0        0.0      0.176  0.320654  0.053239  0.197495  0.801390     10.605407
    264   1      1   6   5     8  0.350641     100.108        0.9        0.9      0.117  0.321911  0.053336  0.197137  0.800363     10.596279
    265   1      4   5   4     8  0.352380     100.340        0.2        2.1      0.077  0.323582  0.053465  0.196665  0.799013     10.585768
    266   1      0   4   8     4  0.353313     100.463        0.1        2.8      0.088  0.324479  0.053534  0.196413  0.798295      5.289478
    267   1      6   2   4     8  0.357116     100.962        2.8       14.9      0.393  0.328133  0.053816  0.195399  0.795424     10.558871
    268   1      5   4   4     8  0.359170     101.228        0.0        0.3      0.014  0.330107  0.053968  0.194860  0.793906     10.549033
    269   1      5   5   0     4  0.361773     101.562        0.5        3.3      0.177  0.332609  0.054160  0.194184  0.792014      5.268566
    270   1      1   4   8     8  0.364557     101.915        1.1        3.1      0.141  0.335285  0.054366  0.193471  0.790030     10.522736
    271   1      4   0   8     4  0.365585     102.045        0.3        0.4      0.021  0.336273  0.054442  0.193210  0.789307      5.258751
    272   1      1   7   2     8  0.366446     102.153        4.1        4.0      0.189  0.337100  0.054506  0.192993  0.788706     10.517029
    273   1      5   5   1     8  0.367657     102.304        2.5        3.7      0.132  0.338264  0.054595  0.192689  0.787866     10.510885
    274   1      3   4   7     8  0.368656     102.428        0.0        0.1      0.002  0.339225  0.054669  0.192439  0.787179     10.505551
    275   1      6   3   3     8  0.369626     102.548        0.5        1.7      0.041  0.340157  0.054740  0.192198  0.786516     10.502018
    276   1      2   2   9     8  0.370210     102.621        1.9        7.7      0.178  0.340719  0.054783  0.192054  0.786119     10.498312
    277   1      4   4   6     8  0.373066     102.971        3.5       12.2      0.214  0.343464  0.054993  0.191352  0.784202     10.488655
    278   1      1   5   7     8  0.373252     102.994        2.3        8.1      0.143  0.343642  0.055007  0.191307  0.784078     10.488118
    279   1      4   3   7     8  0.374320     103.124        1.2        4.8      0.097  0.344669  0.055086  0.191048  0.783372     10.483629
    280   1      7   0   1     4  0.376007     103.328        0.3        2.1      0.047  0.346291  0.055210  0.190641  0.782265      5.239046
    281   1      4   6   0     4  0.376494     103.387        0.2        1.9      0.041  0.346758  0.055246  0.190524  0.781949      5.238884
    282   1      4   1   8     8  0.376645     103.405        0.5        5.0      0.106  0.346903  0.055257  0.190488  0.781851     10.475034
    283   1      2   7   0     4  0.377898     103.556        0.2        3.8      0.072  0.348108  0.055349  0.190188  0.781041      5.236750
    284   1      6   1   5     8  0.378057     103.575        0.0        0.1      0.001  0.348261  0.055361  0.190151  0.780939     10.470904
    285   1      7   1   0     4  0.381180     103.947        0.0        0.4      0.007  0.351263  0.055590  0.189413  0.778952      5.230707
    286   1      5   0   7     4  0.381809     104.021        1.2       13.6      0.265  0.351868  0.055636  0.189266  0.778557      5.229425
    287   1      4   6   1     8  0.382769     104.134        0.3        1.6      0.037  0.352791  0.055707  0.189042  0.777957     10.457815
    288   1      3   3   8     8  0.382247     104.073        0.0        0.0      0.000  0.352289  0.055668  0.189164  0.778283     10.457656
    289   1      2   7   1     8  0.384211     104.304        0.0        0.0      0.000  0.354177  0.055813  0.188708  0.777063     10.454078
    290   1      2   6   5     8  0.385736     104.482        5.3        9.4      0.186  0.355643  0.055925  0.188357  0.776127     10.449162
    291   1      5   5   2     8  0.386265     104.543        6.5       11.6      0.224  0.356151  0.055963  0.188237  0.775804     10.447667
    292   1      3   0   9     4  0.385758     104.484        0.8        1.5      0.029  0.355663  0.055926  0.188353  0.776113      5.223677
    293   1      7   1   1     8  0.387582     104.696        0.7        1.6      0.035  0.357418  0.056060  0.187936  0.775005     10.443569
    294   1      3   5   6     8  0.390287     105.008        2.2        8.6      0.178  0.360017  0.056258  0.187326  0.773387     10.437211
    295   1      3   6   4     8  0.390987     105.088        0.2        0.7      0.014  0.360691  0.056310  0.187169  0.772972     10.436079
    296   1      1   3   9     8  0.390701     105.055        1.7        6.7      0.138  0.360416  0.056289  0.187233  0.773141     10.435338
    297   1      6   4   0     4  0.393629     105.388        0.1        0.3      0.007  0.363230  0.056503  0.186583  0.771425      5.214921
    298   1      5   1   7     8  0.393674     105.393        2.6        5.6      0.135  0.363274  0.056507  0.186573  0.771398     10.428898
    299   1      0   0  10     2  0.394595     105.497        4.7        9.9      0.240  0.364159  0.056574  0.186370  0.770866      2.606620
    300   1      1   7   3     8  0.398140     105.895        2.5       15.5      0.285  0.367567  0.056834  0.185598  0.768842     10.421538

   No.  Code     H   K   L  Mult     Hw         2theta      Icalc       Iobs      Sigma      HwG     HwL       ETA       d-hkl        CORR

    301   1      3   1   9     8  0.397822     105.859        0.9        5.5      0.101  0.367261  0.056810  0.185667  0.769022     10.420465
    302   1      6   4   1     8  0.400370     106.143        0.4        3.1      0.075  0.369711  0.056997  0.185119  0.767591     10.416965
    303   1      2   4   8     8  0.401991     106.321        0.7        3.2      0.134  0.371269  0.057116  0.184774  0.766693     10.413836
    304   1      4   6   2     8  0.402638     106.392        0.2        0.5      0.031  0.371891  0.057163  0.184637  0.766337     10.413647
    305   1      2   7   2     8  0.404201     106.564        0.1        0.1      0.012  0.373394  0.057277  0.184308  0.765483     10.411514
    306   1      5   3   6     8  0.404713     106.619        0.6        0.5      0.116  0.373885  0.057315  0.184200  0.765205     10.409864
    307   1      0   6   6     4  0.406937     106.861        0.5        1.6      0.108  0.376024  0.057477  0.183737  0.764007      5.203653
    308   1      7   1   2     8  0.407859     106.960        0.0        0.1      0.002  0.376910  0.057545  0.183547  0.763516     10.405811
    309   1      4   5   5     8  0.408875     107.070        1.1        5.6      0.216  0.377887  0.057619  0.183337  0.762977     10.404825
    310   1      2   5   7     8  0.412173     107.422        0.3        0.7      0.030  0.381057  0.057860  0.182665  0.761250     10.401164
    311   1      4   2   8     8  0.413256     107.537        3.5        4.5      0.278  0.382099  0.057939  0.182447  0.760690     10.399837
    312   1      6   2   5     8  0.414895     107.710        1.4        0.4      0.139  0.383674  0.058059  0.182118  0.759850     10.398604
    313   1      6   3   4     8  0.415905     107.816        0.0        0.0      0.000  0.384646  0.058133  0.181917  0.759336     10.397892
    314   1      5   4   5     8  0.417509     107.984        0.0        0.0      0.001  0.386188  0.058250  0.181599  0.758526     10.396764
    315   1      7   2   0     4  0.418521     108.090        0.0        0.0      0.002  0.387160  0.058324  0.181400  0.758019      5.198044
    316   1      5   5   3     8  0.420826     108.329        1.7        0.5      0.136  0.389376  0.058492  0.180950  0.756876     10.394904
    317   1      1   6   6     8  0.421077     108.355        0.0        0.0      0.002  0.389618  0.058511  0.180901  0.756752     10.394778
    318   1      6   4   2     8  0.421746     108.424        3.7        2.8      0.331  0.390260  0.058560  0.180772  0.756423     10.394413
    319   1      1   1  10     8  0.421258     108.374        0.0        0.0      0.002  0.389791  0.058524  0.180866  0.756663     10.394320
    320   1      7   2   1     8  0.425963     108.855        0.1        1.8      0.087  0.394315  0.058868  0.179963  0.754381     10.392889
    321   1      7   0   3     4  0.431212     109.385        0.0        0.0      0.000  0.399360  0.059251  0.178979  0.751906      5.196155
    322   1      2   3   9     8  0.432675     109.531        0.2        2.5      0.124  0.400767  0.059358  0.178708  0.751229     10.392417
    323   1      5   2   7     8  0.433056     109.568        0.3        3.4      0.193  0.401134  0.059385  0.178638  0.751053     10.392447
    324   1      3   2   9     8  0.437892     110.046        0.3        0.6      0.066  0.405782  0.059738  0.177758  0.748859     10.393608
    325   1      4   6   3     8  0.439646     110.217        2.8        4.1      0.294  0.407469  0.059866  0.177444  0.748077     10.393944
    326   1      2   7   3     8  0.441447     110.392        0.1        0.2      0.010  0.409200  0.059998  0.177124  0.747283     10.394625
    327   1      6   0   6     4  0.443032     110.545        3.2        5.0      0.291  0.410724  0.060113  0.176844  0.746589      5.197929
    328   1      7   1   3     8  0.445663     110.798        0.5        1.4      0.071  0.413254  0.060305  0.176383  0.745452     10.397376
    329   1      3   7   0     4  0.447975     111.018        0.1        0.5      0.017  0.415476  0.060474  0.175983  0.744466      5.199242
    330   1      0   2  10     4  0.448741     111.091        0.8        5.2      0.149  0.416212  0.060530  0.175852  0.744142      5.200007
    331   1      7   2   2     8  0.449619     111.174        0.5        3.8      0.099  0.417056  0.060594  0.175701  0.743772     10.400284
    332   1      1   7   4     8  0.450518     111.259        1.1        8.9      0.222  0.417921  0.060660  0.175548  0.743395     10.400554
    333   1      2   0  10     4  0.453160     111.507        0.7        4.3      0.132  0.420461  0.060852  0.175101  0.742297      5.202040
    334   1      3   7   1     8  0.456287     111.798        2.3        4.2      0.288  0.423467  0.061080  0.174578  0.741018     10.405972
    335   1      3   6   5     8  0.458299     111.984        0.5        0.3      0.056  0.425401  0.061227  0.174245  0.740206     10.408575
    336   1      6   1   6     8  0.458139     111.969        0.0        0.0      0.005  0.425247  0.061216  0.174272  0.740270     10.409067
    337   1      6   4   3     8  0.461713     112.297        2.4        2.7      0.287  0.428683  0.061476  0.173687  0.738847     10.413002
    338   1      1   2  10     8  0.465330     112.625        1.1        6.5      0.214  0.432160  0.061740  0.173105  0.737433     10.418974
    339   1      2   6   6     8  0.468626     112.921        0.9        8.7      0.228  0.435328  0.061981  0.172582  0.736167     10.422592
    340   1      4   4   7     8  0.468440     112.905        0.1        1.3      0.034  0.435149  0.061967  0.172611  0.736238     10.422901
    341   1      2   1  10     8  0.468841     112.940        0.3        2.6      0.069  0.435535  0.061996  0.172548  0.736085     10.424376
    342   1      0   4   9     4  0.473937     113.393        2.1       12.0      0.430  0.440434  0.062368  0.171754  0.734171      5.216136
    343   1      5   5   4     8  0.478325     113.777        0.1        0.4      0.021  0.444651  0.062689  0.171084  0.732562     10.439198
    344   1      3   4   8     8  0.479854     113.910        0.4        1.5      0.060  0.446122  0.062800  0.170853  0.732009     10.442960
    345   1      3   7   2     8  0.482801     114.164        6.1       27.0      0.698  0.448954  0.063015  0.170413  0.730955     10.446952
    346   1      1   5   8     8  0.486904     114.515        0.2        0.7      0.028  0.452898  0.063315  0.169808  0.729514     10.457071
    347   1      4   3   8     8  0.488547     114.654        0.0        0.0      0.000  0.454477  0.063435  0.169569  0.728944     10.461224
    348   1      6   3   5     8  0.490700     114.836        2.2        4.8      0.256  0.456547  0.063592  0.169258  0.728205     10.465471
    349   1      1   4   9     8  0.492106     114.954        0.0        0.1      0.002  0.457898  0.063695  0.169057  0.727726     10.469278
    350   1      3   5   7     8  0.493464     115.067        2.6        6.8      0.264  0.459204  0.063794  0.168863  0.727267     10.471598
    351   1      7   2   3     8  0.494128     115.123        0.6        2.1      0.075  0.459842  0.063843  0.168769  0.727043     10.473359
    352   1      7   3   0     4  0.495472     115.234        1.5        7.5      0.256  0.461134  0.063941  0.168578  0.726593      5.238111
    353   1      4   5   6     8  0.500552     115.653        0.1        1.0      0.044  0.466017  0.064312  0.167869  0.724917     10.488716
    354   1      4   6   4     8  0.501603     115.739        0.0        0.4      0.020  0.467026  0.064389  0.167724  0.724576     10.490564
    355   1      2   7   4     8  0.503841     115.922        0.1        0.6      0.032  0.469178  0.064552  0.167417  0.723853     10.495782
    356   1      7   3   1     8  0.505299     116.040        0.7        2.5      0.140  0.470579  0.064659  0.167219  0.723387     10.501196
    357   1      6   2   6     8  0.508947     116.333        5.4       16.6      0.546  0.474085  0.064926  0.166728  0.722234     10.512063
    358   1      7   1   4     8  0.509089     116.345        0.2        0.7      0.024  0.474222  0.064936  0.166709  0.722189     10.512215
    359   1      4   1   9     8  0.511885     116.568        0.3        1.3      0.039  0.476909  0.065141  0.166337  0.721319     10.521428
    360   1      5   4   6     8  0.512604     116.625        0.1        0.5      0.015  0.477601  0.065193  0.166242  0.721097     10.521811

   No.  Code     H   K   L  Mult     Hw         2theta      Icalc       Iobs      Sigma      HwG     HwL       ETA       d-hkl        CORR

    361   1      5   3   7     8  0.514708     116.792        0.3        1.4      0.041  0.479623  0.065347  0.165966  0.720451     10.528555
    362   1      5   6   0     4  0.518365     117.079        0.9        3.7      0.085  0.483137  0.065614  0.165491  0.719344      5.268454
    363   1      0   6   7     4  0.518010     117.051        2.5       10.4      0.248  0.482796  0.065588  0.165537  0.719451      5.268455
    364   1      5   1   8     8  0.518619     117.099        0.3        1.2      0.027  0.483381  0.065633  0.165459  0.719268     10.540995
    365   1      3   3   9     8  0.521147     117.296        0.7        2.8      0.052  0.485812  0.065818  0.165135  0.718514     10.548697
    366   1      2   2  10     8  0.521714     117.340       11.9       46.8      0.909  0.486356  0.065860  0.165063  0.718346     10.551180
    367   1      5   6   1     8  0.528977     117.897        0.1        0.4      0.019  0.493336  0.066391  0.164152  0.716233     10.570107
    368   1      6   4   4     8  0.529165     117.912        0.3        1.4      0.079  0.493517  0.066405  0.164128  0.716179     10.572313
    369   1      3   7   3     8  0.533113     118.210        0.7        1.3      0.130  0.497312  0.066694  0.163644  0.715059     10.583134
    370   1      6   5   0     4  0.534075     118.283        0.0        0.0      0.002  0.498236  0.066765  0.163527  0.714789      5.293834
    371   1      1   7   5     8  0.536514     118.465        1.2        0.5      0.116  0.500580  0.066943  0.163232  0.714110     10.595044
    372   1      7   3   2     8  0.536850     118.490        3.6        1.5      0.325  0.500903  0.066968  0.163192  0.714017     10.598285
    373   1      1   6   7     8  0.539154     118.662        0.6        0.6      0.076  0.503117  0.067137  0.162916  0.713383     10.605678
    374   1      0   8   0     2  0.541608     118.843        1.4        3.2      0.325  0.505475  0.067316  0.162626  0.712714      2.652758
    375   1      6   5   1     8  0.545248     119.110        0.1        0.5      0.078  0.508974  0.067583  0.162199  0.711736     10.626779
    376   1      2   5   8     8  0.547949     119.307        0.0        0.1      0.038  0.511569  0.067781  0.161887  0.711020     10.638478
    377   1      0   8   1     4  0.553057     119.675        0.1        0.3      0.097  0.516478  0.068156  0.161304  0.709688      5.326343
    378   1      2   4   9     8  0.554312     119.765        0.0        0.0      0.013  0.517684  0.068248  0.161162  0.709365     10.663601
    379   1      1   3  10     8  0.558089     120.034        0.8        4.5      0.574  0.521313  0.068525  0.160740  0.708403     10.679385
    380   1      5   6   2     8  0.563167     120.391        0.2        1.2      0.193  0.526192  0.068898  0.160182  0.707134     10.694048
    381   1      1   8   0     4  0.564467     120.482        0.1        0.5      0.094  0.527442  0.068993  0.160040  0.706814      5.348374
    382   1      3   6   6     8  0.570693     120.913        0.0        0.0      0.010  0.533424  0.069451  0.159373  0.705302     10.725570
    383   1      7   2   4     8  0.570231     120.881        0.0        0.0      0.003  0.532981  0.069417  0.159422  0.705413     10.725781
    384   1      3   1  10     8  0.570993     120.934        0.3        0.2      0.095  0.533713  0.069473  0.159341  0.705230     10.732183
    385   1      5   5   5     8  0.574100     121.146        2.6        1.5      0.654  0.536698  0.069701  0.159014  0.704491     10.740294
    386   1      4   2   9     8  0.573632     121.114        0.0        0.0      0.000  0.536248  0.069667  0.159063  0.704602     10.742264
    387   1      1   8   1     8  0.576780     121.328        0.1        0.2      0.039  0.539273  0.069898  0.158734  0.703861     10.747099
    388   1      6   5   2     8  0.581336     121.635        0.4        0.9      0.216  0.543651  0.070233  0.158265  0.702806     10.770212
    389   1      5   2   8     8  0.581841     121.669        0.0        0.1      0.018  0.544136  0.070270  0.158214  0.702690     10.776697
    390   1      4   7   0     4  0.589606     122.184        0.2        0.0      0.039  0.551597  0.070841  0.157433  0.700939      5.401897
    391   1      0   8   2     4  0.590081     122.215        1.4        0.0      0.324  0.552053  0.070876  0.157386  0.700833      5.402273
    392   1      7   0   5     4  0.591689     122.321        0.7        0.0      0.130  0.553598  0.070995  0.157227  0.700478      5.409532
    393   1      6   1   7     8  0.596053     122.605        0.8        1.0      0.177  0.557791  0.071316  0.156801  0.699525     10.839749
    394   1      7   3   3     8  0.597663     122.709        2.5        6.1      0.773  0.559338  0.071435  0.156645  0.699178     10.844570
    395   1      4   7   1     8  0.602919     123.046        0.1        0.7      0.088  0.564388  0.071822  0.156143  0.698059     10.864127
    396   1      4   6   5     8  0.606163     123.252        0.1        0.6      0.089  0.567504  0.072061  0.155837  0.697380     10.881756
    397   1      2   7   5     8  0.609277     123.449        0.1        0.2      0.044  0.570496  0.072290  0.155547  0.696736     10.894975
    398   1      2   6   7     8  0.612583     123.656        0.2        0.4      0.107  0.573672  0.072534  0.155242  0.696060     10.913330
    399   1      1   8   2     8  0.616752     123.915        0.2        0.3      0.075  0.577677  0.072842  0.154862  0.695221     10.927980
    400   1      7   1   5     8  0.616599     123.905        3.1        3.5      0.958  0.577531  0.072830  0.154876  0.695251     10.935755
    401   1      1   0  11     4  0.616978     123.929        0.1        0.1      0.022  0.577895  0.072858  0.154842  0.695175      5.471173
    402   1      6   3   6     8  0.618376     124.015        0.1        0.1      0.038  0.579238  0.072962  0.154716  0.694897     10.944000
    403   1      3   7   4     8  0.620634     124.154        0.4        0.8      0.250  0.581406  0.073128  0.154514  0.694451     10.949226
    404   1      5   6   3     8  0.629617     124.699        0.1        0.5      0.227  0.590036  0.073791  0.153724  0.692712     10.995046
    405   1      2   3  10     8  0.636426     125.105        0.0        0.0      0.023  0.596577  0.074294  0.153140  0.691432     11.038028
    406   1      4   4   8     8  0.641430     125.400        0.2        0.0      0.122  0.601383  0.074664  0.152720  0.690512     11.061047

     -----------------------------------------------------
     BRAGG R-Factors and weight fractions for Pattern #  1
     -----------------------------------------------------

 => Phase:  1     LaMnO3  - 3T2 / 300K / I
 => Bragg R-factor:   68.9       Vol:  242.001( 0.050)  Fract(%):  100.00( 5.21)
 => Rf-factor=  48.7             ATZ:         967.367   Brindley:  1.0000

     -----------------------------------------------------------------
      SYMBOLIC NAMES AND FINAL VALUES AND SIGMA OF REFINED PARAMETERS:
     -----------------------------------------------------------------

      ->  Parameter number    1 :                                    Cell_A_ph1_pat1     5.5050120    ( +/-    0.57028030E-03 )
      ->  Parameter number    2 :                                     Scale_ph1_pat1    0.33510156E-01( +/-    0.12354910E-02 )
      ->  Parameter number    3 :                                    Cell_B_ph1_pat1     5.7020669    ( +/-    0.60361635E-03 )
      ->  Parameter number    4 :                                    Cell_C_ph1_pat1     7.7094979    ( +/-    0.11063789E-02 )

 ------------------------------------------------------------------
 => Number of bytes for floating point variables: 4
 => Dimensions of dynamic allocated arrays in this run of FullProf:
 ------------------------------------------------------------------

 => Total approximate array memory (dynamic + static): 127459053 bytes

    MaxPOINT=    80000 Max.num. of points(+int. Inten.)/diffraction pattern       
    MaxREFLT=    25000 Max.num. of reflections/diffraction pattern               
    MaxPARAM=      500 Max.num. of refinable parameters                          
    MaxOVERL=     9000 Max.num. of overlapping reflections                       

 ----------------------------------------------------------
 => Number of bytes for floating point arrays: 4
 => Dimensions of fixed arrays in this release of FullProf:
 ----------------------------------------------------------

    NPATT   =       80 Max.num. of powder diffraction patterns                    
    NATS    =      830 Max.num. of atoms (all kind) in asymmetric unit            
    MPAR    =     1800 Max.num. of non atomic parameters/phase                    
    IEXCL   =       30 Max.num. of excluded regions                               
    IBACP   =      377 Max.num. of background points for interpolation            
    NPHT    =       16 Max.num. of phases                                         
    NMAGM   =        8 Max.num. of rotation-matrices sets for magnetic structure  
    NBASIS  =       12 Max.num. of basis functions associated to a single atom    
    NIREPS  =        9 Max.num. of irreducible representations to be combined     
    N_EQ    =      384 Max.num. of user-supplied symmetry operators/propagation vectors
    NGL     =      400 Max.num. of global parameters/diffraction pattern          
    N_LINC  =       50 Max.num. of global linear restraints                        
    NAT_P   =       80 Max.num. of atomic parameters per atom                     
    NCONST  =      500 Max.num. of slack constraints per phase                    
    N_SPE   =       30 Max.num. of different chemical species                     
    N_FORM  =       60 Max.num. of scattering factor values in a table            
    NPR     =      150 Max.num. of points defining a numerical profile            
    INPR    =       25 Max.num. of different numerical peak shapes                
    NPRC    =      150 Max.num. of terms in the table for correcting intensities  
    NSOL    =       10 Max.num. of solutions to be stored in Montecarlo searchs   

 
              CPU Time:     2.359 seconds
                            0.039 minutes

 => Run finished at:     Date: 15/09/2023  Time: 11:38:43.345                              
